INFO  02:24:23 Application started. Press Ctrl+C to shut down.
INFO  02:24:23 Application started. Press Ctrl+C to shut down.
INFO  02:24:23 Hosting environment: Development
INFO  02:24:23 Hosting environment: Development
INFO  02:24:23 Content root path: D:\C#HandsOn\New\VehicleWebApi\VehicleWebApi
INFO  02:24:23 Content root path: D:\C#HandsOn\New\VehicleWebApi\VehicleWebApi
INFO  02:24:29 Getting vehicle details
INFO  07:08:36 Application started. Press Ctrl+C to shut down.
INFO  07:08:36 Application started. Press Ctrl+C to shut down.
INFO  07:08:36 Hosting environment: Development
INFO  07:08:36 Hosting environment: Development
INFO  07:08:36 Content root path: D:\C#HandsOn\New\VehicleWebApi\VehicleWebApi
INFO  07:08:36 Content root path: D:\C#HandsOn\New\VehicleWebApi\VehicleWebApi
INFO  07:08:43 Getting vehicle details
INFO  02:18:35 Application started. Press Ctrl+C to shut down.
INFO  02:18:35 Application started. Press Ctrl+C to shut down.
INFO  02:18:35 Hosting environment: Development
INFO  02:18:35 Hosting environment: Development
INFO  02:18:35 Content root path: D:\C#HandsOn\New\VehicleWebApi\VehicleWebApi
INFO  02:18:35 Content root path: D:\C#HandsOn\New\VehicleWebApi\VehicleWebApi
INFO  02:19:56 Get method initiated
INFO  02:44:21 Get method initiated
INFO  02:51:27 Get method initiated
INFO  06:45:05 Application started. Press Ctrl+C to shut down.
INFO  06:45:05 Application started. Press Ctrl+C to shut down.
INFO  06:45:05 Hosting environment: Development
INFO  06:45:05 Hosting environment: Development
INFO  06:45:05 Content root path: D:\C#HandsOn\New\VehicleWebApi\VehicleWebApi
INFO  06:45:05 Content root path: D:\C#HandsOn\New\VehicleWebApi\VehicleWebApi
INFO  06:46:30 Get method initiated
INFO  07:08:12 Get method initiated
INFO  07:14:12 Get method initiated
INFO  08:10:18 Application started. Press Ctrl+C to shut down.
INFO  08:10:18 Application started. Press Ctrl+C to shut down.
INFO  08:10:18 Hosting environment: Development
INFO  08:10:18 Hosting environment: Development
INFO  08:10:18 Content root path: D:\C#HandsOn\New\VehicleWebApi\VehicleWebApi
INFO  08:10:18 Content root path: D:\C#HandsOn\New\VehicleWebApi\VehicleWebApi
INFO  08:10:49 Get method initiated
INFO  10:24:19 Application started. Press Ctrl+C to shut down.
INFO  10:24:19 Application started. Press Ctrl+C to shut down.
INFO  10:24:19 Hosting environment: Development
INFO  10:24:19 Hosting environment: Development
INFO  10:24:19 Content root path: D:\C#HandsOn\New\VehicleWebApi\VehicleWebApi
INFO  10:24:19 Content root path: D:\C#HandsOn\New\VehicleWebApi\VehicleWebApi
INFO  10:40:28 Application started. Press Ctrl+C to shut down.
INFO  10:40:28 Application started. Press Ctrl+C to shut down.
INFO  10:40:28 Hosting environment: Development
INFO  10:40:28 Hosting environment: Development
INFO  10:40:28 Content root path: D:\C#HandsOn\New\VehicleWebApi\VehicleWebApi
INFO  10:40:28 Content root path: D:\C#HandsOn\New\VehicleWebApi\VehicleWebApi
INFO  11:50:49 Application started. Press Ctrl+C to shut down.
INFO  11:50:49 Application started. Press Ctrl+C to shut down.
INFO  11:50:49 Hosting environment: Development
INFO  11:50:49 Hosting environment: Development
INFO  11:50:49 Content root path: D:\C#HandsOn\New\UserDetailsWebApi\UserDetailsWebApi
INFO  11:50:49 Content root path: D:\C#HandsOn\New\UserDetailsWebApi\UserDetailsWebApi
INFO  12:30:17 Application started. Press Ctrl+C to shut down.
INFO  12:30:17 Application started. Press Ctrl+C to shut down.
INFO  12:30:17 Hosting environment: Development
INFO  12:30:17 Hosting environment: Development
INFO  12:30:17 Content root path: D:\C#HandsOn\New\VehicleWebApi\VehicleWebApi
INFO  12:30:17 Content root path: D:\C#HandsOn\New\VehicleWebApi\VehicleWebApi
INFO  12:35:14 Application started. Press Ctrl+C to shut down.
INFO  12:35:14 Application started. Press Ctrl+C to shut down.
INFO  12:35:14 Hosting environment: Development
INFO  12:35:14 Hosting environment: Development
INFO  12:35:14 Content root path: D:\C#HandsOn\New\VehicleWebApi\VehicleWebApi
INFO  12:35:14 Content root path: D:\C#HandsOn\New\VehicleWebApi\VehicleWebApi
INFO  12:35:53 Get method initiated
INFO  12:37:34 Get method initiated
INFO  12:39:22 Get method initiated
INFO  12:42:16 Get method initiated
INFO  12:51:05 Get method initiated
INFO  12:52:49 Get method initiated
INFO  12:55:54 Get method initiated
INFO  01:11:44 Get method initiated
INFO  01:16:39 Get method initiated
INFO  01:20:22 Get method initiated
INFO  01:27:22 Get method initiated
INFO  01:56:14 Get method initiated
INFO  02:06:10 Get method initiated
INFO  10:45:51 Application started. Press Ctrl+C to shut down.
INFO  10:45:51 Application started. Press Ctrl+C to shut down.
INFO  10:45:51 Hosting environment: Development
INFO  10:45:51 Hosting environment: Development
INFO  10:45:51 Content root path: D:\C#HandsOn\New\VehicleWebApi\VehicleWebApi
INFO  10:45:51 Content root path: D:\C#HandsOn\New\VehicleWebApi\VehicleWebApi
INFO  10:46:12 Get method initiated
INFO  10:47:17 Get method initiated
INFO  10:47:39 Get method initiated
INFO  11:33:33 Application started. Press Ctrl+C to shut down.
INFO  11:33:33 Application started. Press Ctrl+C to shut down.
INFO  11:33:33 Hosting environment: Development
INFO  11:33:33 Hosting environment: Development
INFO  11:33:33 Content root path: D:\C#HandsOn\New\VehicleWebApi\VehicleWebApi
INFO  11:33:33 Content root path: D:\C#HandsOn\New\VehicleWebApi\VehicleWebApi
INFO  11:33:44 Get method initiated
INFO  11:34:30 Application started. Press Ctrl+C to shut down.
INFO  11:34:30 Application started. Press Ctrl+C to shut down.
INFO  11:34:30 Hosting environment: Development
INFO  11:34:30 Hosting environment: Development
INFO  11:34:30 Content root path: D:\C#HandsOn\New\VehicleWebApi\VehicleWebApi
INFO  11:34:30 Content root path: D:\C#HandsOn\New\VehicleWebApi\VehicleWebApi
INFO  11:35:13 Get method initiated
INFO  11:35:24 Get method initiated
INFO  11:36:54 Get method initiated
INFO  11:37:01 Get method initiated
INFO  11:43:47 Get method initiated
INFO  11:44:34 Get method initiated
INFO  11:46:40 Get method initiated
INFO  11:48:33 Get method initiated
INFO  11:53:26 Get method initiated
INFO  11:53:29 Get method initiated
INFO  11:57:53 Get method initiated
INFO  11:57:56 Get method initiated
INFO  11:58:22 Get method initiated
INFO  12:07:01 Application started. Press Ctrl+C to shut down.
INFO  12:07:01 Application started. Press Ctrl+C to shut down.
INFO  12:07:01 Hosting environment: Development
INFO  12:07:01 Hosting environment: Development
INFO  12:07:02 Content root path: D:\C#HandsOn\New\VehicleWebApi\VehicleWebApi
INFO  12:07:02 Content root path: D:\C#HandsOn\New\VehicleWebApi\VehicleWebApi
INFO  12:07:22 Get method initiated
INFO  12:07:27 Get method initiated
INFO  12:09:35 Application started. Press Ctrl+C to shut down.
INFO  12:09:35 Application started. Press Ctrl+C to shut down.
INFO  12:09:35 Hosting environment: Development
INFO  12:09:35 Hosting environment: Development
INFO  12:09:35 Content root path: D:\C#HandsOn\New\VehicleWebApi\VehicleWebApi
INFO  12:09:35 Content root path: D:\C#HandsOn\New\VehicleWebApi\VehicleWebApi
INFO  12:09:39 Get method initiated
INFO  12:12:12 Application started. Press Ctrl+C to shut down.
INFO  12:12:12 Application started. Press Ctrl+C to shut down.
INFO  12:12:12 Hosting environment: Development
INFO  12:12:12 Hosting environment: Development
INFO  12:12:12 Content root path: D:\C#HandsOn\New\VehicleWebApi\VehicleWebApi
INFO  12:12:12 Content root path: D:\C#HandsOn\New\VehicleWebApi\VehicleWebApi
ERROR 12:12:13 An unhandled exception has occurred while executing the request.
Swashbuckle.AspNetCore.SwaggerGen.SwaggerGeneratorException: Conflicting method/path combination "POST api/Vehicle" for actions - VehicleWebApi.Controllers.VehicleController.UpdateVehicle (VehicleWebApi),VehicleWebApi.Controllers.VehicleController.SaveVehicle (VehicleWebApi). Actions require a unique method/path combination for Swagger/OpenAPI 3.0. Use ConflictingActionsResolver as a workaround
   at Swashbuckle.AspNetCore.SwaggerGen.SwaggerGenerator.GenerateOperations(IEnumerable`1 apiDescriptions, SchemaRepository schemaRepository)
   at Swashbuckle.AspNetCore.SwaggerGen.SwaggerGenerator.GeneratePaths(IEnumerable`1 apiDescriptions, SchemaRepository schemaRepository)
   at Swashbuckle.AspNetCore.SwaggerGen.SwaggerGenerator.GetSwagger(String documentName, String host, String basePath)
   at Swashbuckle.AspNetCore.Swagger.SwaggerMiddleware.Invoke(HttpContext httpContext, ISwaggerProvider swaggerProvider)
   at Microsoft.AspNetCore.Diagnostics.DeveloperExceptionPageMiddleware.Invoke(HttpContext context)
ERROR 12:12:13 An unhandled exception has occurred while executing the request.
Swashbuckle.AspNetCore.SwaggerGen.SwaggerGeneratorException: Conflicting method/path combination "POST api/Vehicle" for actions - VehicleWebApi.Controllers.VehicleController.UpdateVehicle (VehicleWebApi),VehicleWebApi.Controllers.VehicleController.SaveVehicle (VehicleWebApi). Actions require a unique method/path combination for Swagger/OpenAPI 3.0. Use ConflictingActionsResolver as a workaround
   at Swashbuckle.AspNetCore.SwaggerGen.SwaggerGenerator.GenerateOperations(IEnumerable`1 apiDescriptions, SchemaRepository schemaRepository)
   at Swashbuckle.AspNetCore.SwaggerGen.SwaggerGenerator.GeneratePaths(IEnumerable`1 apiDescriptions, SchemaRepository schemaRepository)
   at Swashbuckle.AspNetCore.SwaggerGen.SwaggerGenerator.GetSwagger(String documentName, String host, String basePath)
   at Swashbuckle.AspNetCore.Swagger.SwaggerMiddleware.Invoke(HttpContext httpContext, ISwaggerProvider swaggerProvider)
   at Microsoft.AspNetCore.Diagnostics.DeveloperExceptionPageMiddleware.Invoke(HttpContext context)
INFO  12:13:57 Application started. Press Ctrl+C to shut down.
INFO  12:13:57 Application started. Press Ctrl+C to shut down.
INFO  12:13:57 Hosting environment: Development
INFO  12:13:57 Hosting environment: Development
INFO  12:13:57 Content root path: D:\C#HandsOn\New\VehicleWebApi\VehicleWebApi
INFO  12:13:57 Content root path: D:\C#HandsOn\New\VehicleWebApi\VehicleWebApi
ERROR 12:13:59 An unhandled exception has occurred while executing the request.
Swashbuckle.AspNetCore.SwaggerGen.SwaggerGeneratorException: Conflicting method/path combination "POST api/Vehicle" for actions - VehicleWebApi.Controllers.VehicleController.UpdateVehicle (VehicleWebApi),VehicleWebApi.Controllers.VehicleController.SaveVehicle (VehicleWebApi). Actions require a unique method/path combination for Swagger/OpenAPI 3.0. Use ConflictingActionsResolver as a workaround
   at Swashbuckle.AspNetCore.SwaggerGen.SwaggerGenerator.GenerateOperations(IEnumerable`1 apiDescriptions, SchemaRepository schemaRepository)
   at Swashbuckle.AspNetCore.SwaggerGen.SwaggerGenerator.GeneratePaths(IEnumerable`1 apiDescriptions, SchemaRepository schemaRepository)
   at Swashbuckle.AspNetCore.SwaggerGen.SwaggerGenerator.GetSwagger(String documentName, String host, String basePath)
   at Swashbuckle.AspNetCore.Swagger.SwaggerMiddleware.Invoke(HttpContext httpContext, ISwaggerProvider swaggerProvider)
   at Microsoft.AspNetCore.Diagnostics.DeveloperExceptionPageMiddleware.Invoke(HttpContext context)
ERROR 12:13:59 An unhandled exception has occurred while executing the request.
Swashbuckle.AspNetCore.SwaggerGen.SwaggerGeneratorException: Conflicting method/path combination "POST api/Vehicle" for actions - VehicleWebApi.Controllers.VehicleController.UpdateVehicle (VehicleWebApi),VehicleWebApi.Controllers.VehicleController.SaveVehicle (VehicleWebApi). Actions require a unique method/path combination for Swagger/OpenAPI 3.0. Use ConflictingActionsResolver as a workaround
   at Swashbuckle.AspNetCore.SwaggerGen.SwaggerGenerator.GenerateOperations(IEnumerable`1 apiDescriptions, SchemaRepository schemaRepository)
   at Swashbuckle.AspNetCore.SwaggerGen.SwaggerGenerator.GeneratePaths(IEnumerable`1 apiDescriptions, SchemaRepository schemaRepository)
   at Swashbuckle.AspNetCore.SwaggerGen.SwaggerGenerator.GetSwagger(String documentName, String host, String basePath)
   at Swashbuckle.AspNetCore.Swagger.SwaggerMiddleware.Invoke(HttpContext httpContext, ISwaggerProvider swaggerProvider)
   at Microsoft.AspNetCore.Diagnostics.DeveloperExceptionPageMiddleware.Invoke(HttpContext context)
INFO  12:15:08 Application started. Press Ctrl+C to shut down.
INFO  12:15:08 Application started. Press Ctrl+C to shut down.
INFO  12:15:08 Hosting environment: Development
INFO  12:15:08 Hosting environment: Development
INFO  12:15:08 Content root path: D:\C#HandsOn\New\VehicleWebApi\VehicleWebApi
INFO  12:15:08 Content root path: D:\C#HandsOn\New\VehicleWebApi\VehicleWebApi
INFO  12:15:57 Get method initiated
INFO  12:16:55 Get method initiated
INFO  12:22:04 Application started. Press Ctrl+C to shut down.
INFO  12:22:04 Application started. Press Ctrl+C to shut down.
INFO  12:22:04 Hosting environment: Development
INFO  12:22:04 Hosting environment: Development
INFO  12:22:04 Content root path: D:\C#HandsOn\New\VehicleWebApi\VehicleWebApi
INFO  12:22:04 Content root path: D:\C#HandsOn\New\VehicleWebApi\VehicleWebApi
INFO  12:22:41 Get method initiated
INFO  12:22:53 Get method initiated
INFO  12:25:20 Application started. Press Ctrl+C to shut down.
INFO  12:25:20 Application started. Press Ctrl+C to shut down.
INFO  12:25:20 Hosting environment: Development
INFO  12:25:20 Hosting environment: Development
INFO  12:25:20 Content root path: D:\C#HandsOn\New\VehicleWebApi\VehicleWebApi
INFO  12:25:20 Content root path: D:\C#HandsOn\New\VehicleWebApi\VehicleWebApi
INFO  12:26:13 Get method initiated
INFO  12:27:54 Application started. Press Ctrl+C to shut down.
INFO  12:27:54 Application started. Press Ctrl+C to shut down.
INFO  12:27:54 Hosting environment: Development
INFO  12:27:54 Hosting environment: Development
INFO  12:27:54 Content root path: D:\C#HandsOn\New\VehicleWebApi\VehicleWebApi
INFO  12:27:54 Content root path: D:\C#HandsOn\New\VehicleWebApi\VehicleWebApi
INFO  12:29:04 Get method initiated
INFO  12:29:10 Get method initiated
INFO  12:31:40 Application started. Press Ctrl+C to shut down.
INFO  12:31:40 Application started. Press Ctrl+C to shut down.
INFO  12:31:40 Hosting environment: Development
INFO  12:31:40 Hosting environment: Development
INFO  12:31:40 Content root path: D:\C#HandsOn\New\VehicleWebApi\VehicleWebApi
INFO  12:31:40 Content root path: D:\C#HandsOn\New\VehicleWebApi\VehicleWebApi
INFO  12:32:52 Get method initiated
INFO  12:33:56 Get method initiated
INFO  12:34:39 Get method initiated
INFO  12:34:52 Get method initiated
INFO  12:34:58 Get method initiated
INFO  12:35:01 Get method initiated
INFO  12:35:05 Get method initiated
INFO  12:35:07 Get method initiated
INFO  02:22:08 Application started. Press Ctrl+C to shut down.
INFO  02:22:08 Application started. Press Ctrl+C to shut down.
INFO  02:22:08 Hosting environment: Development
INFO  02:22:08 Hosting environment: Development
INFO  02:22:08 Content root path: D:\C#HandsOn\New\VehicleWebApi\VehicleWebApi
INFO  02:22:08 Content root path: D:\C#HandsOn\New\VehicleWebApi\VehicleWebApi
INFO  02:22:42 GetAllVehicles method invoked from VehicleController
INFO  02:23:03 GetAllVehicles method invoked from VehicleController
INFO  02:23:55 GetAllVehicles method invoked from VehicleController
INFO  02:36:50 GetAllVehicles method invoked from VehicleController
INFO  02:37:11 GetAllVehicles method invoked from VehicleController
INFO  02:37:25 GetAllVehicles method invoked from VehicleController
INFO  10:34:51 Application started. Press Ctrl+C to shut down.
INFO  10:34:51 Application started. Press Ctrl+C to shut down.
INFO  10:34:51 Hosting environment: Development
INFO  10:34:51 Hosting environment: Development
INFO  10:34:51 Content root path: D:\C#HandsOn\New\VehicleWebApi\VehicleWebApi
INFO  10:34:51 Content root path: D:\C#HandsOn\New\VehicleWebApi\VehicleWebApi
INFO  10:35:31 GetAllVehicles method invoked from VehicleController
INFO  10:35:41 GetAllVehicles method invoked from VehicleController
INFO  10:35:56 GetVehicle method invoked from VehicleController
INFO  10:37:07 GetAllVehicles method invoked from VehicleController
INFO  10:37:52 GetVehicle method invoked from VehicleController
INFO  10:45:18 GetAllVehicles method invoked from VehicleController
INFO  10:45:28 GetAllVehicles method invoked from VehicleController
INFO  10:46:16 GetVehicle method invoked from VehicleController
INFO  10:50:24 GetAllVehicles method invoked from VehicleController
INFO  10:50:48 GetAllVehicles method invoked from VehicleController
INFO  10:51:02 GetVehicle method invoked from VehicleController
INFO  10:56:25 GetAllVehicles method invoked from VehicleController
INFO  10:56:51 GetVehicle method invoked from VehicleController
INFO  11:00:56 GetAllVehicles method invoked from VehicleController
INFO  11:01:02 GetAllVehicles method invoked from VehicleController
INFO  11:01:12 GetAllVehicles method invoked from VehicleController
INFO  11:01:24 GetVehicle method invoked from VehicleController
INFO  11:01:25 GetVehicle method invoked from VehicleController
INFO  11:05:12 GetAllVehicles method invoked from VehicleController
INFO  11:05:48 GetAllVehicles method invoked from VehicleController
INFO  02:26:04 Application started. Press Ctrl+C to shut down.
INFO  02:26:04 Application started. Press Ctrl+C to shut down.
INFO  02:26:04 Hosting environment: Development
INFO  02:26:04 Hosting environment: Development
INFO  02:26:05 Content root path: D:\C#HandsOn\New\VehicleWebApi\VehicleWebApi
INFO  02:26:05 Content root path: D:\C#HandsOn\New\VehicleWebApi\VehicleWebApi
INFO  02:26:16 GetAllVehicles method invoked from VehicleController
INFO  03:07:52 Application started. Press Ctrl+C to shut down.
INFO  03:07:52 Application started. Press Ctrl+C to shut down.
INFO  03:07:52 Hosting environment: Development
INFO  03:07:52 Hosting environment: Development
INFO  03:07:52 Content root path: D:\C#HandsOn\New\VehicleWebApi\VehicleWebApi
INFO  03:07:52 Content root path: D:\C#HandsOn\New\VehicleWebApi\VehicleWebApi
INFO  03:11:01 GetAllVehicles method invoked from VehicleController
INFO  03:13:55 GetAllVehicles method invoked from VehicleController
INFO  03:13:58 GetAllVehicles method invoked from VehicleController
INFO  03:20:35 GetAllVehicles method invoked from VehicleController
INFO  03:20:39 GetAllVehicles method invoked from VehicleController
INFO  03:21:42 GetAllVehicles method invoked from VehicleController
INFO  03:23:15 GetAllVehicles method invoked from VehicleController
INFO  03:23:30 GetAllVehicles method invoked from VehicleController
INFO  03:23:35 GetAllVehicles method invoked from VehicleController
INFO  03:29:59 GetAllVehicles method invoked from VehicleController
INFO  03:33:14 GetAllVehicles method invoked from VehicleController
INFO  03:33:19 GetAllVehicles method invoked from VehicleController
INFO  03:33:42 GetAllVehicles method invoked from VehicleController
INFO  03:33:48 GetAllVehicles method invoked from VehicleController
INFO  03:34:00 GetAllVehicles method invoked from VehicleController
INFO  03:34:02 GetAllVehicles method invoked from VehicleController
INFO  03:34:05 GetAllVehicles method invoked from VehicleController
INFO  03:34:07 GetAllVehicles method invoked from VehicleController
INFO  03:39:11 GetAllVehicles method invoked from VehicleController
INFO  05:23:18 Application started. Press Ctrl+C to shut down.
INFO  05:23:19 Application started. Press Ctrl+C to shut down.
INFO  05:23:19 Hosting environment: Development
INFO  05:23:19 Hosting environment: Development
INFO  05:23:19 Content root path: D:\C#HandsOn\New\VehicleWebApi\VehicleWebApi
INFO  05:23:19 Content root path: D:\C#HandsOn\New\VehicleWebApi\VehicleWebApi
INFO  05:24:04 GetVehicle method invoked from VehicleController
INFO  05:24:20 GetAllVehicles method invoked from VehicleController
INFO  05:25:36 GetAllVehicles method invoked from VehicleController
INFO  05:25:50 GetAllVehicles method invoked from VehicleController
INFO  12:16:56 Application started. Press Ctrl+C to shut down.
INFO  12:16:56 Application started. Press Ctrl+C to shut down.
INFO  12:16:56 Hosting environment: Development
INFO  12:16:56 Hosting environment: Development
INFO  12:16:56 Content root path: D:\C#HandsOn\New\VehicleWebApi\VehicleWebApi
INFO  12:16:56 Content root path: D:\C#HandsOn\New\VehicleWebApi\VehicleWebApi
INFO  12:17:32 GetAllVehicles method invoked from VehicleController
