INFO  11:53:24 Application started. Press Ctrl+C to shut down.
INFO  11:53:24 Application started. Press Ctrl+C to shut down.
INFO  11:53:24 Hosting environment: Development
INFO  11:53:24 Hosting environment: Development
INFO  11:53:24 Content root path: D:\C#HandsOn\New\UserDetailsWebApi\UserDetailsWebApi
INFO  11:53:24 Content root path: D:\C#HandsOn\New\UserDetailsWebApi\UserDetailsWebApi
INFO  11:58:41 Application started. Press Ctrl+C to shut down.
INFO  11:58:41 Application started. Press Ctrl+C to shut down.
INFO  11:58:41 Hosting environment: Development
INFO  11:58:41 Hosting environment: Development
INFO  11:58:41 Content root path: D:\C#HandsOn\New\UserDetailsWebApi\UserDetailsWebApi
INFO  11:58:41 Content root path: D:\C#HandsOn\New\UserDetailsWebApi\UserDetailsWebApi
INFO  12:06:40 Application started. Press Ctrl+C to shut down.
INFO  12:06:40 Application started. Press Ctrl+C to shut down.
INFO  12:06:40 Hosting environment: Development
INFO  12:06:40 Hosting environment: Development
INFO  12:06:40 Content root path: D:\C#HandsOn\New\UserDetailsWebApi\UserDetailsWebApi
INFO  12:06:40 Content root path: D:\C#HandsOn\New\UserDetailsWebApi\UserDetailsWebApi
INFO  12:09:21 Application started. Press Ctrl+C to shut down.
INFO  12:09:21 Application started. Press Ctrl+C to shut down.
INFO  12:09:22 Hosting environment: Development
INFO  12:09:22 Hosting environment: Development
INFO  12:09:22 Content root path: D:\C#HandsOn\New\UserDetailsWebApi\UserDetailsWebApi
INFO  12:09:22 Content root path: D:\C#HandsOn\New\UserDetailsWebApi\UserDetailsWebApi
INFO  12:11:43 Application started. Press Ctrl+C to shut down.
INFO  12:11:43 Application started. Press Ctrl+C to shut down.
INFO  12:11:43 Hosting environment: Development
INFO  12:11:43 Hosting environment: Development
INFO  12:11:43 Content root path: D:\C#HandsOn\New\UserDetailsWebApi\UserDetailsWebApi
INFO  12:11:43 Content root path: D:\C#HandsOn\New\UserDetailsWebApi\UserDetailsWebApi
INFO  12:12:46 Application started. Press Ctrl+C to shut down.
INFO  12:12:46 Application started. Press Ctrl+C to shut down.
INFO  12:12:46 Hosting environment: Development
INFO  12:12:46 Hosting environment: Development
INFO  12:12:46 Content root path: D:\C#HandsOn\New\UserDetailsWebApi\UserDetailsWebApi
INFO  12:12:46 Content root path: D:\C#HandsOn\New\UserDetailsWebApi\UserDetailsWebApi
INFO  12:30:09 Application started. Press Ctrl+C to shut down.
INFO  12:30:09 Application started. Press Ctrl+C to shut down.
INFO  12:30:09 Hosting environment: Development
INFO  12:30:09 Hosting environment: Development
INFO  12:30:09 Content root path: D:\C#HandsOn\New\UserDetailsWebApi\UserDetailsWebApi
INFO  12:30:09 Content root path: D:\C#HandsOn\New\UserDetailsWebApi\UserDetailsWebApi
INFO  12:31:21 post login method intiated
INFO  12:36:52 Application started. Press Ctrl+C to shut down.
INFO  12:36:52 Application started. Press Ctrl+C to shut down.
INFO  12:36:52 Hosting environment: Development
INFO  12:36:52 Hosting environment: Development
INFO  12:36:52 Content root path: D:\C#HandsOn\New\UserDetailsWebApi\UserDetailsWebApi
INFO  12:36:52 Content root path: D:\C#HandsOn\New\UserDetailsWebApi\UserDetailsWebApi
INFO  12:37:29 post login method intiated
INFO  12:39:18 post login method intiated
INFO  12:42:14 post login method intiated
INFO  12:51:03 post login method intiated
INFO  12:52:48 post login method intiated
INFO  12:55:51 post login method intiated
INFO  01:11:41 post login method intiated
INFO  01:16:36 post login method intiated
INFO  01:20:18 post login method intiated
INFO  01:27:21 post login method intiated
INFO  01:56:12 post login method intiated
INFO  02:06:09 post login method intiated
INFO  10:45:49 Application started. Press Ctrl+C to shut down.
INFO  10:45:49 Application started. Press Ctrl+C to shut down.
INFO  10:45:49 Hosting environment: Development
INFO  10:45:49 Hosting environment: Development
INFO  10:45:49 Content root path: D:\C#HandsOn\New\UserDetailsWebApi\UserDetailsWebApi
INFO  10:45:49 Content root path: D:\C#HandsOn\New\UserDetailsWebApi\UserDetailsWebApi
INFO  10:46:01 post login method intiated
INFO  11:35:11 post login method intiated
INFO  11:36:48 post login method intiated
INFO  11:43:39 post login method intiated
INFO  11:44:33 post login method intiated
INFO  11:45:32 post login method intiated
INFO  11:48:24 post login method intiated
INFO  11:53:21 post login method intiated
INFO  11:57:51 post login method intiated
INFO  12:07:20 post login method intiated
INFO  12:09:36 post login method intiated
INFO  12:22:12 Application started. Press Ctrl+C to shut down.
INFO  12:22:12 Application started. Press Ctrl+C to shut down.
INFO  12:22:12 Hosting environment: Development
INFO  12:22:12 Hosting environment: Development
INFO  12:22:12 Content root path: D:\C#HandsOn\New\UserDetailsWebApi\UserDetailsWebApi
INFO  12:22:12 Content root path: D:\C#HandsOn\New\UserDetailsWebApi\UserDetailsWebApi
INFO  12:22:36 post login method intiated
INFO  12:29:02 post login method intiated
INFO  12:32:49 post login method intiated
INFO  02:22:08 Application started. Press Ctrl+C to shut down.
INFO  02:22:08 Application started. Press Ctrl+C to shut down.
INFO  02:22:08 Hosting environment: Development
INFO  02:22:08 Hosting environment: Development
INFO  02:22:08 Content root path: D:\C#HandsOn\New\UserDetailsWebApi\UserDetailsWebApi
INFO  02:22:08 Content root path: D:\C#HandsOn\New\UserDetailsWebApi\UserDetailsWebApi
INFO  02:22:36 Login meyhod invoked
INFO  02:36:44 Login meyhod invoked
INFO  02:42:02 Login meyhod invoked
INFO  02:48:05 Login meyhod invoked
INFO  02:52:09 Login meyhod invoked
INFO  10:34:51 Application started. Press Ctrl+C to shut down.
INFO  10:34:51 Application started. Press Ctrl+C to shut down.
INFO  10:34:52 Hosting environment: Development
INFO  10:34:52 Hosting environment: Development
INFO  10:34:52 Content root path: D:\C#HandsOn\New\UserDetailsWebApi\UserDetailsWebApi
INFO  10:34:52 Content root path: D:\C#HandsOn\New\UserDetailsWebApi\UserDetailsWebApi
INFO  10:35:25 Login meyhod invoked
INFO  10:35:56 GetDetail method invoked
INFO  10:45:16 Login meyhod invoked
INFO  10:46:49 GetDetail method invoked
INFO  10:50:21 Login meyhod invoked
INFO  10:51:02 GetDetail method invoked
INFO  10:56:04 Application started. Press Ctrl+C to shut down.
INFO  10:56:04 Application started. Press Ctrl+C to shut down.
INFO  10:56:04 Hosting environment: Development
INFO  10:56:04 Hosting environment: Development
INFO  10:56:04 Content root path: D:\C#HandsOn\New\UserDetailsWebApi\UserDetailsWebApi
INFO  10:56:04 Content root path: D:\C#HandsOn\New\UserDetailsWebApi\UserDetailsWebApi
INFO  10:56:18 Login meyhod invoked
INFO  10:56:51 GetDetail method invoked
INFO  11:00:54 Login meyhod invoked
INFO  11:05:10 Login meyhod invoked
INFO  02:52:59 Application started. Press Ctrl+C to shut down.
INFO  02:52:59 Application started. Press Ctrl+C to shut down.
INFO  02:52:59 Hosting environment: Development
INFO  02:52:59 Hosting environment: Development
INFO  02:52:59 Content root path: D:\C#HandsOn\New\UserDetailsWebApi\UserDetailsWebApi
INFO  02:52:59 Content root path: D:\C#HandsOn\New\UserDetailsWebApi\UserDetailsWebApi
INFO  02:53:32 Login meyhod invoked
INFO  03:09:15 Login meyhod invoked
INFO  03:10:57 Login meyhod invoked
INFO  03:12:45 Login meyhod invoked
INFO  03:13:39 Login meyhod invoked
INFO  03:18:41 Login meyhod invoked
INFO  03:20:23 Login meyhod invoked
INFO  03:21:39 Login meyhod invoked
INFO  03:23:10 Login meyhod invoked
INFO  03:28:57 Login meyhod invoked
INFO  03:29:58 Login meyhod invoked
INFO  03:33:12 Login meyhod invoked
INFO  03:39:07 Login meyhod invoked
INFO  05:23:29 Application started. Press Ctrl+C to shut down.
INFO  05:23:29 Application started. Press Ctrl+C to shut down.
INFO  05:23:29 Hosting environment: Development
INFO  05:23:29 Hosting environment: Development
INFO  05:23:29 Content root path: D:\C#HandsOn\New\UserDetailsWebApi\UserDetailsWebApi
INFO  05:23:29 Content root path: D:\C#HandsOn\New\UserDetailsWebApi\UserDetailsWebApi
INFO  05:25:32 Login meyhod invoked
INFO  05:27:20 Login meyhod invoked
INFO  12:16:20 Application started. Press Ctrl+C to shut down.
INFO  12:16:20 Application started. Press Ctrl+C to shut down.
INFO  12:16:20 Hosting environment: Development
INFO  12:16:20 Hosting environment: Development
INFO  12:16:20 Content root path: D:\C#HandsOn\New\UserDetailsWebApi\UserDetailsWebApi
INFO  12:16:20 Content root path: D:\C#HandsOn\New\UserDetailsWebApi\UserDetailsWebApi
INFO  12:17:27 Login meyhod invoked
